#
# There is insufficient memory for the Java Runtime Environment to continue.
# Native memory allocation (malloc) failed to allocate 1490384 bytes for Chunk::new
# Possible reasons:
#   The system is out of physical RAM or swap space
#   The process is running with CompressedOops enabled, and the Java Heap may be blocking the growth of the native heap
# Possible solutions:
#   Reduce memory load on the system
#   Increase physical memory or swap space
#   Check if swap backing store is full
#   Decrease Java heap size (-Xmx/-Xms)
#   Decrease number of Java threads
#   Decrease Java thread stack sizes (-Xss)
#   Set larger code cache with -XX:ReservedCodeCacheSize=
#   JVM is running with Unscaled Compressed Oops mode in which the Java heap is
#     placed in the first 4GB address space. The Java Heap base address is the
#     maximum limit for the native heap growth. Please use -XX:HeapBaseMinAddress
#     to set the Java Heap base and to place the Java Heap above 4GB virtual address.
# This output file may be truncated or incomplete.
#
#  Out of Memory Error (arena.cpp:189), pid=8860, tid=12216
#
# JRE version: Java(TM) SE Runtime Environment (17.0.17+8) (build 17.0.17+8-LTS-360)
# Java VM: Java HotSpot(TM) 64-Bit Server VM (17.0.17+8-LTS-360, mixed mode, sharing, tiered, compressed oops, compressed class ptrs, g1 gc, windows-amd64)
# No core dump will be written. Minidumps are not enabled by default on client versions of Windows
#

---------------  S U M M A R Y ------------

Command Line: -Dfile.encoding=UTF-8 -Dstdout.encoding=UTF-8 -Dstderr.encoding=UTF-8 -XX:+ShowCodeDetailsInExceptionMessages io.reflectoring.jvcart.JvcartApplication

Host: Intel(R) Core(TM) i3-8130U CPU @ 2.20GHz, 4 cores, 7G,  Windows 10 , 64 bit Build 19041 (10.0.19041.5915)
Time: Sat Jan 24 16:50:06 2026 India Standard Time elapsed time: 2.056151 seconds (0d 0h 0m 2s)

---------------  T H R E A D  ---------------

Current thread (0x000001de8a707a10):  JavaThread "C2 CompilerThread1" daemon [_thread_in_native, id=12216, stack(0x000000b122e00000,0x000000b122f00000)]


Current CompileTask:
C2:   2056 1941   !   4       java.net.URL::<init> (543 bytes)

Stack: [0x000000b122e00000,0x000000b122f00000]
Native frames: (J=compiled Java code, j=interpreted, Vv=VM code, C=native code)
V  [jvm.dll+0x67a0ea]
V  [jvm.dll+0x7da56d]
V  [jvm.dll+0x7dbeb3]
V  [jvm.dll+0x7dc523]
V  [jvm.dll+0x2453af]
V  [jvm.dll+0xab763]
V  [jvm.dll+0xabd2c]
V  [jvm.dll+0x36211e]
V  [jvm.dll+0x32c731]
V  [jvm.dll+0x32bbca]
V  [jvm.dll+0x216b5f]
V  [jvm.dll+0x215f8f]
V  [jvm.dll+0x1a2b50]
V  [jvm.dll+0x22642b]
V  [jvm.dll+0x2245cb]
V  [jvm.dll+0x790964]
V  [jvm.dll+0x78af4a]
V  [jvm.dll+0x678fd5]
C  [ucrtbase.dll+0x21bb2]
C  [KERNEL32.DLL+0x17374]
C  [ntdll.dll+0x4cc91]


---------------  P R O C E S S  ---------------

Threads class SMR info:
_java_thread_list=0x000001de8b3e60a0, length=16, elements={
0x000001de274dfe70, 0x000001de44d695d0, 0x000001de44d6a150, 0x000001de44d75a50,
0x000001de44d79900, 0x000001de44d7b1d0, 0x000001de44d7ba90, 0x000001de44d7c680,
0x000001de44dbc020, 0x000001de8a008070, 0x000001de8a0b51d0, 0x000001de8a0c7690,
0x000001de8a707a10, 0x000001de8a7ca0f0, 0x000001de8a7cab10, 0x000001de8b81baf0
}

Java Threads: ( => current thread )
  0x000001de274dfe70 JavaThread "main" [_thread_blocked, id=1656, stack(0x000000b121b00000,0x000000b121c00000)]
  0x000001de44d695d0 JavaThread "Reference Handler" daemon [_thread_blocked, id=6340, stack(0x000000b122200000,0x000000b122300000)]
  0x000001de44d6a150 JavaThread "Finalizer" daemon [_thread_blocked, id=10640, stack(0x000000b122300000,0x000000b122400000)]
  0x000001de44d75a50 JavaThread "Signal Dispatcher" daemon [_thread_blocked, id=1012, stack(0x000000b122400000,0x000000b122500000)]
  0x000001de44d79900 JavaThread "Attach Listener" daemon [_thread_blocked, id=1796, stack(0x000000b122500000,0x000000b122600000)]
  0x000001de44d7b1d0 JavaThread "Service Thread" daemon [_thread_blocked, id=10952, stack(0x000000b122600000,0x000000b122700000)]
  0x000001de44d7ba90 JavaThread "Monitor Deflation Thread" daemon [_thread_blocked, id=2424, stack(0x000000b122700000,0x000000b122800000)]
  0x000001de44d7c680 JavaThread "C2 CompilerThread0" daemon [_thread_in_native, id=2844, stack(0x000000b122800000,0x000000b122900000)]
  0x000001de44dbc020 JavaThread "C1 CompilerThread0" daemon [_thread_blocked, id=5984, stack(0x000000b122900000,0x000000b122a00000)]
  0x000001de8a008070 JavaThread "Sweeper thread" daemon [_thread_blocked, id=10892, stack(0x000000b122a00000,0x000000b122b00000)]
  0x000001de8a0b51d0 JavaThread "Notification Thread" daemon [_thread_blocked, id=11092, stack(0x000000b122b00000,0x000000b122c00000)]
  0x000001de8a0c7690 JavaThread "Common-Cleaner" daemon [_thread_blocked, id=10396, stack(0x000000b122d00000,0x000000b122e00000)]
=>0x000001de8a707a10 JavaThread "C2 CompilerThread1" daemon [_thread_in_native, id=12216, stack(0x000000b122e00000,0x000000b122f00000)]
  0x000001de8a7ca0f0 JavaThread "Thread-0" [_thread_blocked, id=7688, stack(0x000000b123200000,0x000000b123300000)]
  0x000001de8a7cab10 JavaThread "restartedMain" [_thread_in_Java, id=1056, stack(0x000000b123300000,0x000000b123400000)]
  0x000001de8b81baf0 JavaThread "background-preinit" [_thread_in_vm, id=220, stack(0x000000b123400000,0x000000b123500000)]

Other Threads:
  0x000001de44d622e0 VMThread "VM Thread" [stack: 0x000000b122100000,0x000000b122200000] [id=12080]
  0x000001de8a0bab10 WatcherThread [stack: 0x000000b122c00000,0x000000b122d00000] [id=5352]
  0x000001de2753a710 GCTaskThread "GC Thread#0" [stack: 0x000000b121c00000,0x000000b121d00000] [id=1820]
  0x000001de8a8ad350 GCTaskThread "GC Thread#1" [stack: 0x000000b122f00000,0x000000b123000000] [id=2648]
  0x000001de8aac2e60 GCTaskThread "GC Thread#2" [stack: 0x000000b123000000,0x000000b123100000] [id=424]
  0x000001de8a6fcdb0 GCTaskThread "GC Thread#3" [stack: 0x000000b123100000,0x000000b123200000] [id=2180]
  0x000001de2754c9d0 ConcurrentGCThread "G1 Main Marker" [stack: 0x000000b121d00000,0x000000b121e00000] [id=6852]
  0x000001de2754d3e0 ConcurrentGCThread "G1 Conc#0" [stack: 0x000000b121e00000,0x000000b121f00000] [id=4224]
  0x000001de275a55b0 ConcurrentGCThread "G1 Refine#0" [stack: 0x000000b121f00000,0x000000b122000000] [id=8396]
  0x000001de44c200a0 ConcurrentGCThread "G1 Service" [stack: 0x000000b122000000,0x000000b122100000] [id=7352]

Threads with active compile tasks:
C2 CompilerThread0     2097 1787       4       java.lang.invoke.MethodType::makeImpl (109 bytes)
C2 CompilerThread1     2097 1941   !   4       java.net.URL::<init> (543 bytes)

VM state: not at safepoint (normal execution)

VM Mutex/Monitor currently owned by a thread: None

Heap address: 0x0000000082200000, size: 2014 MB, Compressed Oops mode: 32-bit

CDS archive(s) mapped at: [0x000001de45000000-0x000001de45bd0000-0x000001de45bd0000), size 12386304, SharedBaseAddress: 0x000001de45000000, ArchiveRelocationMode: 1.
Compressed class space mapped at: 0x000001de46000000-0x000001de86000000, reserved size: 1073741824
Narrow klass base: 0x000001de45000000, Narrow klass shift: 0, Narrow klass range: 0x100000000

GC Precious Log:
 CPUs: 4 total, 4 available
 Memory: 8048M
 Large Page Support: Disabled
 NUMA Support: Disabled
 Compressed Oops: Enabled (32-bit)
 Heap Region Size: 1M
 Heap Min Capacity: 8M
 Heap Initial Capacity: 126M
 Heap Max Capacity: 2014M
 Pre-touch: Disabled
 Parallel Workers: 4
 Concurrent Workers: 1
 Concurrent Refinement Workers: 4
 Periodic GC: Disabled

Heap:
 garbage-first heap   total 129024K, used 21129K [0x0000000082200000, 0x0000000100000000)
  region size 1024K, 16 young (16384K), 3 survivors (3072K)
 Metaspace       used 14288K, committed 14592K, reserved 1114112K
  class space    used 1960K, committed 2112K, reserved 1048576K

Heap Regions: E=young(eden), S=young(survivor), O=old, HS=humongous(starts), HC=humongous(continues), CS=collection set, F=free, OA=open archive, CA=closed archive, TAMS=top-at-mark-start (previous, next)
|   0|0x0000000082200000, 0x0000000082300000, 0x0000000082300000|100%|HS|  |TAMS 0x0000000082200000, 0x0000000082200000| Complete 
|   1|0x0000000082300000, 0x0000000082400000, 0x0000000082400000|100%|HS|  |TAMS 0x0000000082300000, 0x0000000082300000| Complete 
|   2|0x0000000082400000, 0x0000000082500000, 0x0000000082500000|100%| O|  |TAMS 0x0000000082400000, 0x0000000082400000| Untracked 
|   3|0x0000000082500000, 0x0000000082600000, 0x0000000082600000|100%| O|  |TAMS 0x0000000082500000, 0x0000000082500000| Untracked 
|   4|0x0000000082600000, 0x0000000082700000, 0x0000000082700000|100%| O|  |TAMS 0x0000000082600000, 0x0000000082600000| Untracked 
|   5|0x0000000082700000, 0x0000000082800000, 0x0000000082800000|100%| O|  |TAMS 0x0000000082700000, 0x0000000082700000| Untracked 
|   6|0x0000000082800000, 0x0000000082900000, 0x0000000082900000|100%| O|  |TAMS 0x0000000082800000, 0x0000000082800000| Untracked 
|   7|0x0000000082900000, 0x0000000082924c00, 0x0000000082a00000| 14%| O|  |TAMS 0x0000000082900000, 0x0000000082900000| Untracked 
|   8|0x0000000082a00000, 0x0000000082a00000, 0x0000000082b00000|  0%| F|  |TAMS 0x0000000082a00000, 0x0000000082a00000| Untracked 
|   9|0x0000000082b00000, 0x0000000082b00000, 0x0000000082c00000|  0%| F|  |TAMS 0x0000000082b00000, 0x0000000082b00000| Untracked 
|  10|0x0000000082c00000, 0x0000000082c00000, 0x0000000082d00000|  0%| F|  |TAMS 0x0000000082c00000, 0x0000000082c00000| Untracked 
|  11|0x0000000082d00000, 0x0000000082d00000, 0x0000000082e00000|  0%| F|  |TAMS 0x0000000082d00000, 0x0000000082d00000| Untracked 
|  12|0x0000000082e00000, 0x0000000082e00000, 0x0000000082f00000|  0%| F|  |TAMS 0x0000000082e00000, 0x0000000082e00000| Untracked 
|  13|0x0000000082f00000, 0x0000000082f00000, 0x0000000083000000|  0%| F|  |TAMS 0x0000000082f00000, 0x0000000082f00000| Untracked 
|  14|0x0000000083000000, 0x0000000083000000, 0x0000000083100000|  0%| F|  |TAMS 0x0000000083000000, 0x0000000083000000| Untracked 
|  15|0x0000000083100000, 0x0000000083100000, 0x0000000083200000|  0%| F|  |TAMS 0x0000000083100000, 0x0000000083100000| Untracked 
|  16|0x0000000083200000, 0x0000000083200000, 0x0000000083300000|  0%| F|  |TAMS 0x0000000083200000, 0x0000000083200000| Untracked 
|  17|0x0000000083300000, 0x0000000083300000, 0x0000000083400000|  0%| F|  |TAMS 0x0000000083300000, 0x0000000083300000| Untracked 
|  18|0x0000000083400000, 0x0000000083400000, 0x0000000083500000|  0%| F|  |TAMS 0x0000000083400000, 0x0000000083400000| Untracked 
|  19|0x0000000083500000, 0x0000000083500000, 0x0000000083600000|  0%| F|  |TAMS 0x0000000083500000, 0x0000000083500000| Untracked 
|  20|0x0000000083600000, 0x0000000083600000, 0x0000000083700000|  0%| F|  |TAMS 0x0000000083600000, 0x0000000083600000| Untracked 
|  21|0x0000000083700000, 0x0000000083700000, 0x0000000083800000|  0%| F|  |TAMS 0x0000000083700000, 0x0000000083700000| Untracked 
|  22|0x0000000083800000, 0x0000000083800000, 0x0000000083900000|  0%| F|  |TAMS 0x0000000083800000, 0x0000000083800000| Untracked 
|  23|0x0000000083900000, 0x0000000083900000, 0x0000000083a00000|  0%| F|  |TAMS 0x0000000083900000, 0x0000000083900000| Untracked 
|  24|0x0000000083a00000, 0x0000000083a00000, 0x0000000083b00000|  0%| F|  |TAMS 0x0000000083a00000, 0x0000000083a00000| Untracked 
|  25|0x0000000083b00000, 0x0000000083b00000, 0x0000000083c00000|  0%| F|  |TAMS 0x0000000083b00000, 0x0000000083b00000| Untracked 
|  26|0x0000000083c00000, 0x0000000083c00000, 0x0000000083d00000|  0%| F|  |TAMS 0x0000000083c00000, 0x0000000083c00000| Untracked 
|  27|0x0000000083d00000, 0x0000000083d00000, 0x0000000083e00000|  0%| F|  |TAMS 0x0000000083d00000, 0x0000000083d00000| Untracked 
|  28|0x0000000083e00000, 0x0000000083e00000, 0x0000000083f00000|  0%| F|  |TAMS 0x0000000083e00000, 0x0000000083e00000| Untracked 
|  29|0x0000000083f00000, 0x0000000083f00000, 0x0000000084000000|  0%| F|  |TAMS 0x0000000083f00000, 0x0000000083f00000| Untracked 
|  30|0x0000000084000000, 0x0000000084000000, 0x0000000084100000|  0%| F|  |TAMS 0x0000000084000000, 0x0000000084000000| Untracked 
|  31|0x0000000084100000, 0x0000000084100000, 0x0000000084200000|  0%| F|  |TAMS 0x0000000084100000, 0x0000000084100000| Untracked 
|  32|0x0000000084200000, 0x0000000084200000, 0x0000000084300000|  0%| F|  |TAMS 0x0000000084200000, 0x0000000084200000| Untracked 
|  33|0x0000000084300000, 0x0000000084300000, 0x0000000084400000|  0%| F|  |TAMS 0x0000000084300000, 0x0000000084300000| Untracked 
|  34|0x0000000084400000, 0x0000000084400000, 0x0000000084500000|  0%| F|  |TAMS 0x0000000084400000, 0x0000000084400000| Untracked 
|  35|0x0000000084500000, 0x0000000084500000, 0x0000000084600000|  0%| F|  |TAMS 0x0000000084500000, 0x0000000084500000| Untracked 
|  36|0x0000000084600000, 0x0000000084600000, 0x0000000084700000|  0%| F|  |TAMS 0x0000000084600000, 0x0000000084600000| Untracked 
|  37|0x0000000084700000, 0x0000000084700000, 0x0000000084800000|  0%| F|  |TAMS 0x0000000084700000, 0x0000000084700000| Untracked 
|  38|0x0000000084800000, 0x0000000084800000, 0x0000000084900000|  0%| F|  |TAMS 0x0000000084800000, 0x0000000084800000| Untracked 
|  39|0x0000000084900000, 0x0000000084900000, 0x0000000084a00000|  0%| F|  |TAMS 0x0000000084900000, 0x0000000084900000| Untracked 
|  40|0x0000000084a00000, 0x0000000084a00000, 0x0000000084b00000|  0%| F|  |TAMS 0x0000000084a00000, 0x0000000084a00000| Untracked 
|  41|0x0000000084b00000, 0x0000000084b00000, 0x0000000084c00000|  0%| F|  |TAMS 0x0000000084b00000, 0x0000000084b00000| Untracked 
|  42|0x0000000084c00000, 0x0000000084c00000, 0x0000000084d00000|  0%| F|  |TAMS 0x0000000084c00000, 0x0000000084c00000| Untracked 
|  43|0x0000000084d00000, 0x0000000084d00000, 0x0000000084e00000|  0%| F|  |TAMS 0x0000000084d00000, 0x0000000084d00000| Untracked 
|  44|0x0000000084e00000, 0x0000000084e00000, 0x0000000084f00000|  0%| F|  |TAMS 0x0000000084e00000, 0x0000000084e00000| Untracked 
|  45|0x0000000084f00000, 0x0000000084f00000, 0x0000000085000000|  0%| F|  |TAMS 0x0000000084f00000, 0x0000000084f00000| Untracked 
|  46|0x0000000085000000, 0x0000000085000000, 0x0000000085100000|  0%| F|  |TAMS 0x0000000085000000, 0x0000000085000000| Untracked 
|  47|0x0000000085100000, 0x0000000085100000, 0x0000000085200000|  0%| F|  |TAMS 0x0000000085100000, 0x0000000085100000| Untracked 
|  48|0x0000000085200000, 0x0000000085200000, 0x0000000085300000|  0%| F|  |TAMS 0x0000000085200000, 0x0000000085200000| Untracked 
|  49|0x0000000085300000, 0x0000000085300000, 0x0000000085400000|  0%| F|  |TAMS 0x0000000085300000, 0x0000000085300000| Untracked 
|  50|0x0000000085400000, 0x0000000085400000, 0x0000000085500000|  0%| F|  |TAMS 0x0000000085400000, 0x0000000085400000| Untracked 
|  51|0x0000000085500000, 0x0000000085500000, 0x0000000085600000|  0%| F|  |TAMS 0x0000000085500000, 0x0000000085500000| Untracked 
|  52|0x0000000085600000, 0x0000000085600000, 0x0000000085700000|  0%| F|  |TAMS 0x0000000085600000, 0x0000000085600000| Untracked 
|  53|0x0000000085700000, 0x0000000085700000, 0x0000000085800000|  0%| F|  |TAMS 0x0000000085700000, 0x0000000085700000| Untracked 
|  54|0x0000000085800000, 0x0000000085800000, 0x0000000085900000|  0%| F|  |TAMS 0x0000000085800000, 0x0000000085800000| Untracked 
|  55|0x0000000085900000, 0x0000000085900000, 0x0000000085a00000|  0%| F|  |TAMS 0x0000000085900000, 0x0000000085900000| Untracked 
|  56|0x0000000085a00000, 0x0000000085a00000, 0x0000000085b00000|  0%| F|  |TAMS 0x0000000085a00000, 0x0000000085a00000| Untracked 
|  57|0x0000000085b00000, 0x0000000085b00000, 0x0000000085c00000|  0%| F|  |TAMS 0x0000000085b00000, 0x0000000085b00000| Untracked 
|  58|0x0000000085c00000, 0x0000000085c00000, 0x0000000085d00000|  0%| F|  |TAMS 0x0000000085c00000, 0x0000000085c00000| Untracked 
|  59|0x0000000085d00000, 0x0000000085d00000, 0x0000000085e00000|  0%| F|  |TAMS 0x0000000085d00000, 0x0000000085d00000| Untracked 
|  60|0x0000000085e00000, 0x0000000085e00000, 0x0000000085f00000|  0%| F|  |TAMS 0x0000000085e00000, 0x0000000085e00000| Untracked 
|  61|0x0000000085f00000, 0x0000000085f00000, 0x0000000086000000|  0%| F|  |TAMS 0x0000000085f00000, 0x0000000085f00000| Untracked 
|  62|0x0000000086000000, 0x0000000086000000, 0x0000000086100000|  0%| F|  |TAMS 0x0000000086000000, 0x0000000086000000| Untracked 
|  63|0x0000000086100000, 0x0000000086100000, 0x0000000086200000|  0%| F|  |TAMS 0x0000000086100000, 0x0000000086100000| Untracked 
|  64|0x0000000086200000, 0x0000000086200000, 0x0000000086300000|  0%| F|  |TAMS 0x0000000086200000, 0x0000000086200000| Untracked 
|  65|0x0000000086300000, 0x0000000086300000, 0x0000000086400000|  0%| F|  |TAMS 0x0000000086300000, 0x0000000086300000| Untracked 
|  66|0x0000000086400000, 0x0000000086400000, 0x0000000086500000|  0%| F|  |TAMS 0x0000000086400000, 0x0000000086400000| Untracked 
|  67|0x0000000086500000, 0x0000000086500000, 0x0000000086600000|  0%| F|  |TAMS 0x0000000086500000, 0x0000000086500000| Untracked 
|  68|0x0000000086600000, 0x0000000086600000, 0x0000000086700000|  0%| F|  |TAMS 0x0000000086600000, 0x0000000086600000| Untracked 
|  69|0x0000000086700000, 0x0000000086700000, 0x0000000086800000|  0%| F|  |TAMS 0x0000000086700000, 0x0000000086700000| Untracked 
|  70|0x0000000086800000, 0x0000000086800000, 0x0000000086900000|  0%| F|  |TAMS 0x0000000086800000, 0x0000000086800000| Untracked 
|  71|0x0000000086900000, 0x0000000086900000, 0x0000000086a00000|  0%| F|  |TAMS 0x0000000086900000, 0x0000000086900000| Untracked 
|  72|0x0000000086a00000, 0x0000000086a00000, 0x0000000086b00000|  0%| F|  |TAMS 0x0000000086a00000, 0x0000000086a00000| Untracked 
|  73|0x0000000086b00000, 0x0000000086b00000, 0x0000000086c00000|  0%| F|  |TAMS 0x0000000086b00000, 0x0000000086b00000| Untracked 
|  74|0x0000000086c00000, 0x0000000086c00000, 0x0000000086d00000|  0%| F|  |TAMS 0x0000000086c00000, 0x0000000086c00000| Untracked 
|  75|0x0000000086d00000, 0x0000000086d00000, 0x0000000086e00000|  0%| F|  |TAMS 0x0000000086d00000, 0x0000000086d00000| Untracked 
|  76|0x0000000086e00000, 0x0000000086e00000, 0x0000000086f00000|  0%| F|  |TAMS 0x0000000086e00000, 0x0000000086e00000| Untracked 
|  77|0x0000000086f00000, 0x0000000086f00000, 0x0000000087000000|  0%| F|  |TAMS 0x0000000086f00000, 0x0000000086f00000| Untracked 
|  78|0x0000000087000000, 0x0000000087000000, 0x0000000087100000|  0%| F|  |TAMS 0x0000000087000000, 0x0000000087000000| Untracked 
|  79|0x0000000087100000, 0x0000000087100000, 0x0000000087200000|  0%| F|  |TAMS 0x0000000087100000, 0x0000000087100000| Untracked 
|  80|0x0000000087200000, 0x0000000087200000, 0x0000000087300000|  0%| F|  |TAMS 0x0000000087200000, 0x0000000087200000| Untracked 
|  81|0x0000000087300000, 0x0000000087300000, 0x0000000087400000|  0%| F|  |TAMS 0x0000000087300000, 0x0000000087300000| Untracked 
|  82|0x0000000087400000, 0x0000000087400000, 0x0000000087500000|  0%| F|  |TAMS 0x0000000087400000, 0x0000000087400000| Untracked 
|  83|0x0000000087500000, 0x0000000087500000, 0x0000000087600000|  0%| F|  |TAMS 0x0000000087500000, 0x0000000087500000| Untracked 
|  84|0x0000000087600000, 0x0000000087600000, 0x0000000087700000|  0%| F|  |TAMS 0x0000000087600000, 0x0000000087600000| Untracked 
|  85|0x0000000087700000, 0x0000000087700000, 0x0000000087800000|  0%| F|  |TAMS 0x0000000087700000, 0x0000000087700000| Untracked 
|  86|0x0000000087800000, 0x0000000087800000, 0x0000000087900000|  0%| F|  |TAMS 0x0000000087800000, 0x0000000087800000| Untracked 
|  87|0x0000000087900000, 0x0000000087900000, 0x0000000087a00000|  0%| F|  |TAMS 0x0000000087900000, 0x0000000087900000| Untracked 
|  88|0x0000000087a00000, 0x0000000087a00000, 0x0000000087b00000|  0%| F|  |TAMS 0x0000000087a00000, 0x0000000087a00000| Untracked 
|  89|0x0000000087b00000, 0x0000000087b00000, 0x0000000087c00000|  0%| F|  |TAMS 0x0000000087b00000, 0x0000000087b00000| Untracked 
|  90|0x0000000087c00000, 0x0000000087c00000, 0x0000000087d00000|  0%| F|  |TAMS 0x0000000087c00000, 0x0000000087c00000| Untracked 
|  91|0x0000000087d00000, 0x0000000087d00000, 0x0000000087e00000|  0%| F|  |TAMS 0x0000000087d00000, 0x0000000087d00000| Untracked 
|  92|0x0000000087e00000, 0x0000000087e00000, 0x0000000087f00000|  0%| F|  |TAMS 0x0000000087e00000, 0x0000000087e00000| Untracked 
|  93|0x0000000087f00000, 0x0000000087f00000, 0x0000000088000000|  0%| F|  |TAMS 0x0000000087f00000, 0x0000000087f00000| Untracked 
|  94|0x0000000088000000, 0x0000000088000000, 0x0000000088100000|  0%| F|  |TAMS 0x0000000088000000, 0x0000000088000000| Untracked 
|  95|0x0000000088100000, 0x0000000088100000, 0x0000000088200000|  0%| F|  |TAMS 0x0000000088100000, 0x0000000088100000| Untracked 
|  96|0x0000000088200000, 0x0000000088200000, 0x0000000088300000|  0%| F|  |TAMS 0x0000000088200000, 0x0000000088200000| Untracked 
|  97|0x0000000088300000, 0x0000000088300000, 0x0000000088400000|  0%| F|  |TAMS 0x0000000088300000, 0x0000000088300000| Untracked 
|  98|0x0000000088400000, 0x000000008847d8e8, 0x0000000088500000| 49%| S|CS|TAMS 0x0000000088400000, 0x0000000088400000| Complete 
|  99|0x0000000088500000, 0x0000000088600000, 0x0000000088600000|100%| S|CS|TAMS 0x0000000088500000, 0x0000000088500000| Complete 
| 100|0x0000000088600000, 0x0000000088700000, 0x0000000088700000|100%| S|CS|TAMS 0x0000000088600000, 0x0000000088600000| Complete 
| 101|0x0000000088700000, 0x0000000088700000, 0x0000000088800000|  0%| F|  |TAMS 0x0000000088700000, 0x0000000088700000| Untracked 
| 102|0x0000000088800000, 0x0000000088800000, 0x0000000088900000|  0%| F|  |TAMS 0x0000000088800000, 0x0000000088800000| Untracked 
| 103|0x0000000088900000, 0x0000000088900000, 0x0000000088a00000|  0%| F|  |TAMS 0x0000000088900000, 0x0000000088900000| Untracked 
| 104|0x0000000088a00000, 0x0000000088a00000, 0x0000000088b00000|  0%| F|  |TAMS 0x0000000088a00000, 0x0000000088a00000| Untracked 
| 105|0x0000000088b00000, 0x0000000088b00000, 0x0000000088c00000|  0%| F|  |TAMS 0x0000000088b00000, 0x0000000088b00000| Untracked 
| 106|0x0000000088c00000, 0x0000000088c00000, 0x0000000088d00000|  0%| F|  |TAMS 0x0000000088c00000, 0x0000000088c00000| Untracked 
| 107|0x0000000088d00000, 0x0000000088d00000, 0x0000000088e00000|  0%| F|  |TAMS 0x0000000088d00000, 0x0000000088d00000| Untracked 
| 108|0x0000000088e00000, 0x0000000088e00000, 0x0000000088f00000|  0%| F|  |TAMS 0x0000000088e00000, 0x0000000088e00000| Untracked 
| 109|0x0000000088f00000, 0x0000000088f00000, 0x0000000089000000|  0%| F|  |TAMS 0x0000000088f00000, 0x0000000088f00000| Untracked 
| 110|0x0000000089000000, 0x0000000089000000, 0x0000000089100000|  0%| F|  |TAMS 0x0000000089000000, 0x0000000089000000| Untracked 
| 111|0x0000000089100000, 0x0000000089100000, 0x0000000089200000|  0%| F|  |TAMS 0x0000000089100000, 0x0000000089100000| Untracked 
| 112|0x0000000089200000, 0x0000000089200000, 0x0000000089300000|  0%| F|  |TAMS 0x0000000089200000, 0x0000000089200000| Untracked 
| 113|0x0000000089300000, 0x00000000893e6970, 0x0000000089400000| 90%| E|  |TAMS 0x0000000089300000, 0x0000000089300000| Complete 
| 114|0x0000000089400000, 0x0000000089500000, 0x0000000089500000|100%| E|CS|TAMS 0x0000000089400000, 0x0000000089400000| Complete 
| 115|0x0000000089500000, 0x0000000089600000, 0x0000000089600000|100%| E|  |TAMS 0x0000000089500000, 0x0000000089500000| Complete 
| 116|0x0000000089600000, 0x0000000089700000, 0x0000000089700000|100%| E|CS|TAMS 0x0000000089600000, 0x0000000089600000| Complete 
| 117|0x0000000089700000, 0x0000000089800000, 0x0000000089800000|100%| E|CS|TAMS 0x0000000089700000, 0x0000000089700000| Complete 
| 118|0x0000000089800000, 0x0000000089900000, 0x0000000089900000|100%| E|CS|TAMS 0x0000000089800000, 0x0000000089800000| Complete 
| 119|0x0000000089900000, 0x0000000089a00000, 0x0000000089a00000|100%| E|CS|TAMS 0x0000000089900000, 0x0000000089900000| Complete 
| 120|0x0000000089a00000, 0x0000000089b00000, 0x0000000089b00000|100%| E|CS|TAMS 0x0000000089a00000, 0x0000000089a00000| Complete 
| 121|0x0000000089b00000, 0x0000000089c00000, 0x0000000089c00000|100%| E|CS|TAMS 0x0000000089b00000, 0x0000000089b00000| Complete 
| 122|0x0000000089c00000, 0x0000000089d00000, 0x0000000089d00000|100%| E|CS|TAMS 0x0000000089c00000, 0x0000000089c00000| Complete 
| 123|0x0000000089d00000, 0x0000000089e00000, 0x0000000089e00000|100%| E|CS|TAMS 0x0000000089d00000, 0x0000000089d00000| Complete 
| 124|0x0000000089e00000, 0x0000000089f00000, 0x0000000089f00000|100%| E|CS|TAMS 0x0000000089e00000, 0x0000000089e00000| Complete 
| 125|0x0000000089f00000, 0x000000008a000000, 0x000000008a000000|100%| E|CS|TAMS 0x0000000089f00000, 0x0000000089f00000| Complete 

Card table byte_map: [0x000001de3e1f0000,0x000001de3e5e0000] _byte_map_base: 0x000001de3dddf000

Marking Bits (Prev, Next): (CMBitMap*) 0x000001de2753bd40, (CMBitMap*) 0x000001de2753bd80
 Prev Bits: [0x000001de3e9d0000, 0x000001de40948000)
 Next Bits: [0x000001de40950000, 0x000001de428c8000)

Polling page: 0x000001de25450000

Metaspace:

Usage:
  Non-class:     12.09 MB used.
      Class:      1.92 MB used.
       Both:     14.01 MB used.

Virtual space:
  Non-class space:       64.00 MB reserved,      12.25 MB ( 19%) committed,  1 nodes.
      Class space:        1.00 GB reserved,       2.12 MB ( <1%) committed,  1 nodes.
             Both:        1.06 GB reserved,      14.38 MB (  1%) committed. 

Chunk freelists:
   Non-Class:  3.62 MB
       Class:  13.75 MB
        Both:  17.37 MB

MaxMetaspaceSize: unlimited
CompressedClassSpaceSize: 1.00 GB
Initial GC threshold: 21.00 MB
Current GC threshold: 21.00 MB
CDS: on
MetaspaceReclaimPolicy: balanced
 - commit_granule_bytes: 65536.
 - commit_granule_words: 8192.
 - virtual_space_node_default_size: 8388608.
 - enlarge_chunks_in_place: 1.
 - new_chunks_are_fully_committed: 0.
 - uncommit_free_chunks: 1.
 - use_allocation_guard: 0.
 - handle_deallocations: 1.


Internal statistics:

num_allocs_failed_limit: 0.
num_arena_births: 346.
num_arena_deaths: 0.
num_vsnodes_births: 2.
num_vsnodes_deaths: 0.
num_space_committed: 230.
num_space_uncommitted: 0.
num_chunks_returned_to_freelist: 0.
num_chunks_taken_from_freelist: 828.
num_chunk_merges: 0.
num_chunk_splits: 553.
num_chunks_enlarged: 405.
num_inconsistent_stats: 0.

CodeHeap 'non-profiled nmethods': size=120000Kb used=767Kb max_used=767Kb free=119232Kb
 bounds [0x000001de368d0000, 0x000001de36b40000, 0x000001de3de00000]
CodeHeap 'profiled nmethods': size=120000Kb used=3937Kb max_used=3937Kb free=116062Kb
 bounds [0x000001de2ee00000, 0x000001de2f1e0000, 0x000001de36330000]
CodeHeap 'non-nmethods': size=5760Kb used=1187Kb max_used=1224Kb free=4572Kb
 bounds [0x000001de36330000, 0x000001de365a0000, 0x000001de368d0000]
 total_blobs=2525 nmethods=2043 adapters=394
 compilation: enabled
              stopped_count=0, restarted_count=0
 full_count=0

Compilation events (20 events):
Event: 2.036 Thread 0x000001de44dbc020 2016   !   3       java.lang.invoke.MethodHandles$Lookup$ClassFile::newInstance (370 bytes)
Event: 2.039 Thread 0x000001de44dbc020 nmethod 2016 0x000001de2f1c1990 code [0x000001de2f1c2060, 0x000001de2f1c4eb8]
Event: 2.039 Thread 0x000001de44dbc020 2017       3       java.lang.invoke.MethodHandles$Lookup$ClassFile::readInt (65 bytes)
Event: 2.039 Thread 0x000001de44dbc020 nmethod 2017 0x000001de2f1c6510 code [0x000001de2f1c66c0, 0x000001de2f1c6928]
Event: 2.040 Thread 0x000001de44dbc020 2018       3       jdk.internal.misc.VM::isSupportedClassFileVersion (39 bytes)
Event: 2.040 Thread 0x000001de44dbc020 nmethod 2018 0x000001de2f1c6a90 code [0x000001de2f1c6c40, 0x000001de2f1c6ed8]
Event: 2.040 Thread 0x000001de44dbc020 2019       3       jdk.internal.org.objectweb.asm.ClassReader::<init> (9 bytes)
Event: 2.040 Thread 0x000001de44dbc020 nmethod 2019 0x000001de2f1c6f90 code [0x000001de2f1c7140, 0x000001de2f1c72e8]
Event: 2.040 Thread 0x000001de44dbc020 2020       3       jdk.internal.org.objectweb.asm.ClassReader::<init> (8 bytes)
Event: 2.040 Thread 0x000001de44dbc020 nmethod 2020 0x000001de2f1c7410 code [0x000001de2f1c75a0, 0x000001de2f1c76e8]
Event: 2.041 Thread 0x000001de44dbc020 2021       3       java.lang.module.ResolvedModule::name (11 bytes)
Event: 2.042 Thread 0x000001de44dbc020 nmethod 2021 0x000001de2f1c7790 code [0x000001de2f1c7920, 0x000001de2f1c7a78]
Event: 2.042 Thread 0x000001de44dbc020 2022   !   3       java.util.zip.ZipFile::getEntry (59 bytes)
Event: 2.043 Thread 0x000001de44dbc020 nmethod 2022 0x000001de2f1c7b90 code [0x000001de2f1c7d80, 0x000001de2f1c81f8]
Event: 2.044 Thread 0x000001de44dbc020 2023   !   3       java.util.zip.ZipFile$Source::getEntryPos (181 bytes)
Event: 2.045 Thread 0x000001de44dbc020 nmethod 2023 0x000001de2f1c8490 code [0x000001de2f1c8780, 0x000001de2f1c9888]
Event: 2.045 Thread 0x000001de44dbc020 2024       3       java.util.zip.ZipCoder::hash (36 bytes)
Event: 2.045 Thread 0x000001de44dbc020 nmethod 2024 0x000001de2f1ca290 code [0x000001de2f1ca4a0, 0x000001de2f1cabc8]
Event: 2.048 Thread 0x000001de44dbc020 2025       3       sun.invoke.util.VerifyAccess::isModuleAccessible (97 bytes)
Event: 2.048 Thread 0x000001de44dbc020 nmethod 2025 0x000001de2f1cae90 code [0x000001de2f1cb160, 0x000001de2f1cbe68]

GC Heap History (6 events):
Event: 0.726 GC heap before
{Heap before GC invocations=0 (full 0):
 garbage-first heap   total 129024K, used 14336K [0x0000000082200000, 0x0000000100000000)
  region size 1024K, 13 young (13312K), 0 survivors (0K)
 Metaspace       used 2881K, committed 3008K, reserved 1114112K
  class space    used 306K, committed 384K, reserved 1048576K
}
Event: 0.732 GC heap after
{Heap after GC invocations=1 (full 0):
 garbage-first heap   total 129024K, used 7401K [0x0000000082200000, 0x0000000100000000)
  region size 1024K, 2 young (2048K), 2 survivors (2048K)
 Metaspace       used 2881K, committed 3008K, reserved 1114112K
  class space    used 306K, committed 384K, reserved 1048576K
}
Event: 1.016 GC heap before
{Heap before GC invocations=1 (full 0):
 garbage-first heap   total 129024K, used 18665K [0x0000000082200000, 0x0000000100000000)
  region size 1024K, 13 young (13312K), 2 survivors (2048K)
 Metaspace       used 5639K, committed 5824K, reserved 1114112K
  class space    used 665K, committed 768K, reserved 1048576K
}
Event: 1.018 GC heap after
{Heap after GC invocations=2 (full 0):
 garbage-first heap   total 129024K, used 8055K [0x0000000082200000, 0x0000000100000000)
  region size 1024K, 1 young (1024K), 1 survivors (1024K)
 Metaspace       used 5639K, committed 5824K, reserved 1114112K
  class space    used 665K, committed 768K, reserved 1048576K
}
Event: 1.794 GC heap before
{Heap before GC invocations=2 (full 0):
 garbage-first heap   total 129024K, used 31607K [0x0000000082200000, 0x0000000100000000)
  region size 1024K, 25 young (25600K), 1 survivors (1024K)
 Metaspace       used 11360K, committed 11648K, reserved 1114112K
  class space    used 1500K, committed 1664K, reserved 1048576K
}
Event: 1.798 GC heap after
{Heap after GC invocations=3 (full 0):
 garbage-first heap   total 129024K, used 9865K [0x0000000082200000, 0x0000000100000000)
  region size 1024K, 3 young (3072K), 3 survivors (3072K)
 Metaspace       used 11360K, committed 11648K, reserved 1114112K
  class space    used 1500K, committed 1664K, reserved 1048576K
}

Deoptimization events (20 events):
Event: 1.989 Thread 0x000001de8a7cab10 Uncommon trap: trap_request=0xffffffc6 fr.pc=0x000001de36928a4c relative=0x000000000000046c
Event: 1.989 Thread 0x000001de8a7cab10 Uncommon trap: reason=bimorphic_or_optimized_type_check action=maybe_recompile pc=0x000001de36928a4c method=java.util.HashMap.getNode(Ljava/lang/Object;)Ljava/util/HashMap$Node; @ 63 c2
Event: 1.989 Thread 0x000001de8a7cab10 DEOPT PACKING pc=0x000001de36928a4c sp=0x000000b1233fd630
Event: 1.989 Thread 0x000001de8a7cab10 DEOPT UNPACKING pc=0x000001de363823a3 sp=0x000000b1233fd5a8 mode 2
Event: 2.042 Thread 0x000001de8a7cab10 Uncommon trap: trap_request=0xffffff45 fr.pc=0x000001de36901ccc relative=0x00000000000007cc
Event: 2.042 Thread 0x000001de8a7cab10 Uncommon trap: reason=unstable_if action=reinterpret pc=0x000001de36901ccc method=java.util.zip.ZipCoder.hash(Ljava/lang/String;)I @ 23 c2
Event: 2.042 Thread 0x000001de8a7cab10 DEOPT PACKING pc=0x000001de36901ccc sp=0x000000b1233fd500
Event: 2.042 Thread 0x000001de8a7cab10 DEOPT UNPACKING pc=0x000001de363823a3 sp=0x000000b1233fd3a8 mode 2
Event: 2.042 Thread 0x000001de8a7cab10 Uncommon trap: trap_request=0xffffff45 fr.pc=0x000001de369034d4 relative=0x00000000000005f4
Event: 2.042 Thread 0x000001de8a7cab10 Uncommon trap: reason=unstable_if action=reinterpret pc=0x000001de369034d4 method=java.util.zip.ZipCoder.hash(Ljava/lang/String;)I @ 23 c2
Event: 2.042 Thread 0x000001de8a7cab10 DEOPT PACKING pc=0x000001de369034d4 sp=0x000000b1233fd470
Event: 2.042 Thread 0x000001de8a7cab10 DEOPT UNPACKING pc=0x000001de363823a3 sp=0x000000b1233fd398 mode 2
Event: 2.042 Thread 0x000001de8a7cab10 Uncommon trap: trap_request=0xffffff45 fr.pc=0x000001de368fc9d8 relative=0x0000000000000238
Event: 2.042 Thread 0x000001de8a7cab10 Uncommon trap: reason=unstable_if action=reinterpret pc=0x000001de368fc9d8 method=java.util.zip.ZipCoder.hash(Ljava/lang/String;)I @ 23 c2
Event: 2.042 Thread 0x000001de8a7cab10 DEOPT PACKING pc=0x000001de368fc9d8 sp=0x000000b1233fd400
Event: 2.042 Thread 0x000001de8a7cab10 DEOPT UNPACKING pc=0x000001de363823a3 sp=0x000000b1233fd398 mode 2
Event: 2.046 Thread 0x000001de8a7cab10 Uncommon trap: trap_request=0xffffff45 fr.pc=0x000001de368e0240 relative=0x0000000000000040
Event: 2.046 Thread 0x000001de8a7cab10 Uncommon trap: reason=unstable_if action=reinterpret pc=0x000001de368e0240 method=sun.nio.fs.WindowsPathParser.isSlash(C)Z @ 9 c2
Event: 2.046 Thread 0x000001de8a7cab10 DEOPT PACKING pc=0x000001de368e0240 sp=0x000000b1233fd610
Event: 2.046 Thread 0x000001de8a7cab10 DEOPT UNPACKING pc=0x000001de363823a3 sp=0x000000b1233fd598 mode 2

Classes unloaded (0 events):
No events

Classes redefined (0 events):
No events

Internal exceptions (20 events):
Event: 1.243 Thread 0x000001de8a7cab10 Exception <a 'java/lang/NoSuchMethodError'{0x00000000899edfd8}: 'int java.lang.invoke.Invokers$Holder.linkToTargetMethod(java.lang.Object, java.lang.Object)'> (0x00000000899edfd8) 
thrown [s\open\src\hotspot\share\interpreter\linkResolver.cpp, line 759]
Event: 1.257 Thread 0x000001de8a7cab10 Exception <a 'java/lang/NoSuchMethodError'{0x0000000089870568}: 'java.lang.Object java.lang.invoke.DirectMethodHandle$Holder.invokeSpecial(java.lang.Object, java.lang.Object, java.lang.Object, int, java.lang.Object)'> (0x0000000089870568) 
thrown [s\open\src\hotspot\share\interpreter\linkResolver.cpp, line 759]
Event: 1.257 Thread 0x000001de8a7cab10 Exception <a 'java/lang/NoSuchMethodError'{0x0000000089878f40}: 'java.lang.Object java.lang.invoke.DirectMethodHandle$Holder.newInvokeSpecial(java.lang.Object, java.lang.Object, java.lang.Object, int, java.lang.Object)'> (0x0000000089878f40) 
thrown [s\open\src\hotspot\share\interpreter\linkResolver.cpp, line 759]
Event: 1.257 Thread 0x000001de8a7cab10 Exception <a 'java/lang/NoSuchMethodError'{0x0000000089880910}: 'java.lang.Object java.lang.invoke.Invokers$Holder.linkToTargetMethod(java.lang.Object, java.lang.Object, int, java.lang.Object, java.lang.Object)'> (0x0000000089880910) 
thrown [s\open\src\hotspot\share\interpreter\linkResolver.cpp, line 759]
Event: 1.259 Thread 0x000001de8a7cab10 Exception <a 'java/lang/NoSuchMethodError'{0x00000000898907e8}: 'java.lang.Object java.lang.invoke.DirectMethodHandle$Holder.newInvokeSpecial(java.lang.Object, int, java.lang.Object)'> (0x00000000898907e8) 
thrown [s\open\src\hotspot\share\interpreter\linkResolver.cpp, line 759]
Event: 1.259 Thread 0x000001de8a7cab10 Exception <a 'java/lang/NoSuchMethodError'{0x00000000898952b8}: 'int java.lang.invoke.DirectMethodHandle$Holder.invokeSpecialIFC(java.lang.Object, java.lang.Object, java.lang.Object, java.lang.Object)'> (0x00000000898952b8) 
thrown [s\open\src\hotspot\share\interpreter\linkResolver.cpp, line 759]
Event: 1.283 Thread 0x000001de8a7cab10 Exception <a 'java/lang/NoSuchMethodError'{0x0000000089742828}: 'void java.lang.invoke.DirectMethodHandle$Holder.invokeInterface(java.lang.Object, java.lang.Object, java.lang.Object)'> (0x0000000089742828) 
thrown [s\open\src\hotspot\share\interpreter\linkResolver.cpp, line 759]
Event: 1.315 Thread 0x000001de8a7cab10 Exception <a 'java/lang/NoSuchMethodError'{0x00000000897ead90}: 'void java.lang.invoke.DirectMethodHandle$Holder.invokeStaticInit(java.lang.Object, java.lang.Object, java.lang.Object)'> (0x00000000897ead90) 
thrown [s\open\src\hotspot\share\interpreter\linkResolver.cpp, line 759]
Event: 1.341 Thread 0x000001de8a7cab10 Exception <a 'java/lang/NoSuchMethodError'{0x0000000089656fb0}: 'java.lang.Object java.lang.invoke.DirectMethodHandle$Holder.invokeVirtual(java.lang.Object, java.lang.Object, java.lang.Object)'> (0x0000000089656fb0) 
thrown [s\open\src\hotspot\share\interpreter\linkResolver.cpp, line 759]
Event: 1.379 Thread 0x000001de8a7cab10 Exception <a 'java/lang/NoSuchMethodError'{0x00000000896fbbf0}: 'java.lang.Object java.lang.invoke.DirectMethodHandle$Holder.newInvokeSpecial(java.lang.Object, long)'> (0x00000000896fbbf0) 
thrown [s\open\src\hotspot\share\interpreter\linkResolver.cpp, line 759]
Event: 1.379 Thread 0x000001de8a7cab10 Exception <a 'java/lang/NoSuchMethodError'{0x0000000089503be0}: 'void java.lang.invoke.DirectMethodHandle$Holder.invokeVirtual(java.lang.Object, java.lang.Object, java.lang.Object, java.lang.Object)'> (0x0000000089503be0) 
thrown [s\open\src\hotspot\share\interpreter\linkResolver.cpp, line 759]
Event: 1.442 Thread 0x000001de8a7cab10 Exception <a 'java/lang/NoSuchMethodError'{0x00000000895b6c00}: 'java.lang.Object java.lang.invoke.DirectMethodHandle$Holder.invokeSpecial(java.lang.Object, java.lang.Object, long, java.lang.Object, java.lang.Object, java.lang.Object, java.lang.Object, java.lang.Object, java.lang.Object)'> (0x00000000895b6c00) 
thrown [s\open\src\hotspot\share\interpreter\linkResolver.cpp, line 759]
Event: 1.443 Thread 0x000001de8a7cab10 Exception <a 'java/lang/NoSuchMethodError'{0x00000000895bb480}: 'java.lang.Object java.lang.invoke.DelegatingMethodHandle$Holder.reinvoke_L(java.lang.Object, long, java.lang.Object, java.lang.Object, java.lang.Object, java.lang.Object, java.lang.Object, java.lang.Object)'> (0x00000000895bb480) 
thrown [s\open\src\hotspot\share\interpreter\linkResolver.cpp, line 759]
Event: 1.567 Thread 0x000001de8a7cab10 Exception <a 'java/lang/NoSuchMethodError'{0x00000000892d4000}: 'java.lang.Object java.lang.invoke.DirectMethodHandle$Holder.invokeSpecial(java.lang.Object, java.lang.Object, java.lang.Object, java.lang.Object, java.lang.Object, java.lang.Object, java.lang.Object, java.lang.Object, java.lang.Object)'> (0x00000000892d4000) 
thrown [s\open\src\hotspot\share\interpreter\linkResolver.cpp, line 759]
Event: 1.567 Thread 0x000001de8a7cab10 Exception <a 'java/lang/NoSuchMethodError'{0x00000000892d8928}: 'java.lang.Object java.lang.invoke.Invokers$Holder.invoke_MT(java.lang.Object, java.lang.Object, java.lang.Object, java.lang.Object, java.lang.Object, java.lang.Object, java.lang.Object, java.lang.Object, java.lang.Object)'> (0x00000000892d8928) 
thrown [s\open\src\hotspot\share\interpreter\linkResolver.cpp, line 759]
Event: 1.595 Thread 0x000001de8a7cab10 Exception <a 'java/lang/IncompatibleClassChangeError'{0x00000000891b7110}: Found class java.lang.Object, but interface was expected> (0x00000000891b7110) 
thrown [s\open\src\hotspot\share\interpreter\linkResolver.cpp, line 826]
Event: 1.627 Thread 0x000001de8b81baf0 Exception <a 'java/lang/NoSuchMethodError'{0x0000000088f126f8}: 'java.lang.Object java.lang.invoke.Invokers$Holder.invoke_MT(java.lang.Object, java.lang.Object, java.lang.Object)'> (0x0000000088f126f8) 
thrown [s\open\src\hotspot\share\interpreter\linkResolver.cpp, line 759]
Event: 2.047 Thread 0x000001de8a7cab10 Exception <a 'sun/nio/fs/WindowsException'{0x00000000894e69c0}> (0x00000000894e69c0) 
thrown [s\open\src\hotspot\share\prims\jni.cpp, line 516]
Event: 2.049 Thread 0x000001de8a7cab10 Exception <a 'java/lang/NoSuchMethodError'{0x00000000894e8270}: 'int java.lang.invoke.DirectMethodHandle$Holder.invokeSpecial(java.lang.Object, java.lang.Object, java.lang.Object, java.lang.Object, java.lang.Object)'> (0x00000000894e8270) 
thrown [s\open\src\hotspot\share\interpreter\linkResolver.cpp, line 759]
Event: 2.051 Thread 0x000001de8a7cab10 Exception <a 'java/lang/NoSuchMethodError'{0x00000000894f1070}: 'void java.lang.invoke.DirectMethodHandle$Holder.invokeVirtual(java.lang.Object, java.lang.Object)'> (0x00000000894f1070) 
thrown [s\open\src\hotspot\share\interpreter\linkResolver.cpp, line 759]

VM Operations (20 events):
Event: 0.613 Executing VM operation: HandshakeAllThreads
Event: 0.613 Executing VM operation: HandshakeAllThreads done
Event: 0.725 Executing VM operation: G1CollectForAllocation
Event: 0.732 Executing VM operation: G1CollectForAllocation done
Event: 0.951 Executing VM operation: HandshakeAllThreads
Event: 0.951 Executing VM operation: HandshakeAllThreads done
Event: 1.016 Executing VM operation: G1CollectForAllocation
Event: 1.018 Executing VM operation: G1CollectForAllocation done
Event: 1.232 Executing VM operation: HandshakeAllThreads
Event: 1.232 Executing VM operation: HandshakeAllThreads done
Event: 1.558 Executing VM operation: HandshakeAllThreads
Event: 1.558 Executing VM operation: HandshakeAllThreads done
Event: 1.574 Executing VM operation: ICBufferFull
Event: 1.574 Executing VM operation: ICBufferFull done
Event: 1.794 Executing VM operation: G1CollectForAllocation
Event: 1.798 Executing VM operation: G1CollectForAllocation done
Event: 1.933 Executing VM operation: HandshakeAllThreads
Event: 1.933 Executing VM operation: HandshakeAllThreads done
Event: 2.005 Executing VM operation: HandshakeAllThreads
Event: 2.006 Executing VM operation: HandshakeAllThreads done

Events (20 events):
Event: 2.049 loading class java/nio/file/FileVisitOption
Event: 2.050 loading class java/nio/file/FileVisitOption done
Event: 2.050 loading class java/nio/file/FileTreeIterator
Event: 2.050 loading class java/nio/file/FileTreeIterator done
Event: 2.050 loading class java/nio/file/FileTreeWalker
Event: 2.050 loading class java/nio/file/FileTreeWalker done
Event: 2.050 loading class java/nio/file/FileTreeWalker$1
Event: 2.050 loading class java/nio/file/FileTreeWalker$1 done
Event: 2.050 loading class java/nio/file/Files$AcceptAllFilter
Event: 2.051 loading class java/nio/file/DirectoryStream$Filter
Event: 2.051 loading class java/nio/file/DirectoryStream$Filter done
Event: 2.051 loading class java/nio/file/Files$AcceptAllFilter done
Event: 2.051 loading class java/nio/file/FileTreeWalker$DirectoryNode
Event: 2.051 loading class java/nio/file/FileTreeWalker$DirectoryNode done
Event: 2.051 loading class sun/nio/fs/WindowsDirectoryStream$WindowsDirectoryIterator
Event: 2.051 loading class sun/nio/fs/WindowsDirectoryStream$WindowsDirectoryIterator done
Event: 2.051 loading class java/nio/file/FileTreeWalker$Event
Event: 2.051 loading class java/nio/file/FileTreeWalker$Event done
Event: 2.051 loading class java/nio/file/FileTreeWalker$EventType
Event: 2.051 loading class java/nio/file/FileTreeWalker$EventType done


Dynamic libraries:
0x00007ff6bc980000 - 0x00007ff6bc990000 	C:\Program Files\Java\jdk-17\bin\javaw.exe
0x00007ffd40e50000 - 0x00007ffd41048000 	C:\Windows\SYSTEM32\ntdll.dll
0x00007ffd3f420000 - 0x00007ffd3f4e2000 	C:\Windows\System32\KERNEL32.DLL
0x00007ffd3e7f0000 - 0x00007ffd3eae6000 	C:\Windows\System32\KERNELBASE.dll
0x00007ffd3ecd0000 - 0x00007ffd3edd0000 	C:\Windows\System32\ucrtbase.dll
0x00007ffd32810000 - 0x00007ffd3282b000 	C:\Program Files\Java\jdk-17\bin\VCRUNTIME140.dll
0x00007ffd325a0000 - 0x00007ffd325b9000 	C:\Program Files\Java\jdk-17\bin\jli.dll
0x00007ffd3ee70000 - 0x00007ffd3ef21000 	C:\Windows\System32\ADVAPI32.dll
0x00007ffd40910000 - 0x00007ffd409ae000 	C:\Windows\System32\msvcrt.dll
0x00007ffd3fe50000 - 0x00007ffd3feef000 	C:\Windows\System32\sechost.dll
0x00007ffd3f290000 - 0x00007ffd3f3b0000 	C:\Windows\System32\RPCRT4.dll
0x00007ffd3e740000 - 0x00007ffd3e767000 	C:\Windows\System32\bcrypt.dll
0x00007ffd3f4f0000 - 0x00007ffd3f691000 	C:\Windows\System32\USER32.dll
0x00007ffd3eaf0000 - 0x00007ffd3eb12000 	C:\Windows\System32\win32u.dll
0x00007ffd40b40000 - 0x00007ffd40b6b000 	C:\Windows\System32\GDI32.dll
0x00007ffd3eb20000 - 0x00007ffd3ec39000 	C:\Windows\System32\gdi32full.dll
0x00007ffd3edd0000 - 0x00007ffd3ee6d000 	C:\Windows\System32\msvcp_win.dll
0x00007ffd1f440000 - 0x00007ffd1f6db000 	C:\Windows\WinSxS\amd64_microsoft.windows.common-controls_6595b64144ccf1df_6.0.19041.6456_none_60b8a6cb71f64256\COMCTL32.dll
0x00007ffd38a20000 - 0x00007ffd38a2a000 	C:\Windows\SYSTEM32\VERSION.dll
0x00007ffd40810000 - 0x00007ffd4083f000 	C:\Windows\System32\IMM32.DLL
0x00007ffd2cee0000 - 0x00007ffd2ceec000 	C:\Program Files\Java\jdk-17\bin\vcruntime140_1.dll
0x00007ffd13200000 - 0x00007ffd1328e000 	C:\Program Files\Java\jdk-17\bin\msvcp140.dll
0x00007ffd078e0000 - 0x00007ffd084c0000 	C:\Program Files\Java\jdk-17\bin\server\jvm.dll
0x00007ffd3f750000 - 0x00007ffd3f758000 	C:\Windows\System32\PSAPI.DLL
0x00007ffd1e8e0000 - 0x00007ffd1e8e9000 	C:\Windows\SYSTEM32\WSOCK32.dll
0x00007ffd3f3b0000 - 0x00007ffd3f41b000 	C:\Windows\System32\WS2_32.dll
0x00007ffd39730000 - 0x00007ffd39757000 	C:\Windows\SYSTEM32\WINMM.dll
0x00007ffd3c370000 - 0x00007ffd3c382000 	C:\Windows\SYSTEM32\kernel.appcore.dll
0x00007ffd2ced0000 - 0x00007ffd2ceda000 	C:\Program Files\Java\jdk-17\bin\jimage.dll
0x00007ffd2a5a0000 - 0x00007ffd2a7a1000 	C:\Windows\SYSTEM32\DBGHELP.DLL
0x00007ffd27360000 - 0x00007ffd27394000 	C:\Windows\SYSTEM32\dbgcore.DLL
0x00007ffd3ec40000 - 0x00007ffd3ecc2000 	C:\Windows\System32\bcryptPrimitives.dll
0x00007ffd16ff0000 - 0x00007ffd17015000 	C:\Program Files\Java\jdk-17\bin\java.dll
0x00007ffd108b0000 - 0x00007ffd10987000 	C:\Program Files\Java\jdk-17\bin\jsvml.dll
0x00007ffd400a0000 - 0x00007ffd40810000 	C:\Windows\System32\SHELL32.dll
0x00007ffd3c570000 - 0x00007ffd3cd15000 	C:\Windows\SYSTEM32\windows.storage.dll
0x00007ffd3ef30000 - 0x00007ffd3f284000 	C:\Windows\System32\combase.dll
0x00007ffd3de30000 - 0x00007ffd3de5b000 	C:\Windows\SYSTEM32\Wldp.dll
0x00007ffd40c90000 - 0x00007ffd40d5d000 	C:\Windows\System32\OLEAUT32.dll
0x00007ffd40d60000 - 0x00007ffd40e0d000 	C:\Windows\System32\SHCORE.dll
0x00007ffd3fdd0000 - 0x00007ffd3fe2b000 	C:\Windows\System32\shlwapi.dll
0x00007ffd3e410000 - 0x00007ffd3e434000 	C:\Windows\SYSTEM32\profapi.dll
0x00007ffd2a9c0000 - 0x00007ffd2a9d9000 	C:\Program Files\Java\jdk-17\bin\net.dll
0x00007ffd31f00000 - 0x00007ffd3200a000 	C:\Windows\SYSTEM32\WINHTTP.dll
0x00007ffd3db90000 - 0x00007ffd3dbfa000 	C:\Windows\system32\mswsock.dll
0x00007ffd28900000 - 0x00007ffd28916000 	C:\Program Files\Java\jdk-17\bin\nio.dll
0x00007ffd28580000 - 0x00007ffd28598000 	C:\Program Files\Java\jdk-17\bin\zip.dll
0x00007ffd2c600000 - 0x00007ffd2c60a000 	C:\Program Files\Java\jdk-17\bin\management.dll
0x00007ffd2bba0000 - 0x00007ffd2bbab000 	C:\Program Files\Java\jdk-17\bin\management_ext.dll

dbghelp: loaded successfully - version: 4.0.5 - missing functions: none
symbol engine: initialized successfully - sym options: 0x614 - pdb path: .;C:\Program Files\Java\jdk-17\bin;C:\Windows\SYSTEM32;C:\Windows\WinSxS\amd64_microsoft.windows.common-controls_6595b64144ccf1df_6.0.19041.6456_none_60b8a6cb71f64256;C:\Program Files\Java\jdk-17\bin\server

VM Arguments:
jvm_args: -Dfile.encoding=UTF-8 -Dstdout.encoding=UTF-8 -Dstderr.encoding=UTF-8 -XX:+ShowCodeDetailsInExceptionMessages 
java_command: io.reflectoring.jvcart.JvcartApplication
java_class_path (initial): C:\Users\thaagam\java\jvcart\jvcart\target\classes;C:\Users\thaagam\.m2\repository\org\springframework\boot\spring-boot-starter-actuator\3.5.9\spring-boot-starter-actuator-3.5.9.jar;C:\Users\thaagam\.m2\repository\org\springframework\boot\spring-boot-starter\3.5.9\spring-boot-starter-3.5.9.jar;C:\Users\thaagam\.m2\repository\org\springframework\boot\spring-boot-starter-logging\3.5.9\spring-boot-starter-logging-3.5.9.jar;C:\Users\thaagam\.m2\repository\ch\qos\logback\logback-classic\1.5.22\logback-classic-1.5.22.jar;C:\Users\thaagam\.m2\repository\ch\qos\logback\logback-core\1.5.22\logback-core-1.5.22.jar;C:\Users\thaagam\.m2\repository\org\apache\logging\log4j\log4j-to-slf4j\2.24.3\log4j-to-slf4j-2.24.3.jar;C:\Users\thaagam\.m2\repository\org\apache\logging\log4j\log4j-api\2.24.3\log4j-api-2.24.3.jar;C:\Users\thaagam\.m2\repository\org\slf4j\jul-to-slf4j\2.0.17\jul-to-slf4j-2.0.17.jar;C:\Users\thaagam\.m2\repository\jakarta\annotation\jakarta.annotation-api\2.1.1\jakarta.annotation-api-2.1.1.jar;C:\Users\thaagam\.m2\repository\org\yaml\snakeyaml\2.4\snakeyaml-2.4.jar;C:\Users\thaagam\.m2\repository\org\springframework\boot\spring-boot-actuator-autoconfigure\3.5.9\spring-boot-actuator-autoconfigure-3.5.9.jar;C:\Users\thaagam\.m2\repository\org\springframework\boot\spring-boot-actuator\3.5.9\spring-boot-actuator-3.5.9.jar;C:\Users\thaagam\.m2\repository\com\fasterxml\jackson\core\jackson-databind\2.19.4\jackson-databind-2.19.4.jar;C:\Users\thaagam\.m2\repository\com\fasterxml\jackson\core\jackson-annotations\2.19.4\jackson-annotations-2.19.4.jar;C:\Users\thaagam\.m2\repository\com\fasterxml\jackson\core\jackson-core\2.19.4\jackson-core-2.19.4.jar;C:\Users\thaagam\.m2\repository\com\fasterxml\jackson\datatype\jackson-datatype-jsr310\2.19.4\jackson-datatype-jsr310-2.19.4.jar;C:\Users\thaagam\.m2\repository\io\micrometer\micrometer-observation\1.15.7\micrometer-observation-1.15.7.jar;C:\Users\thaagam\.m2\repository\io\micrometer\micrometer-co
Launcher Type: SUN_STANDARD

[Global flags]
     intx CICompilerCount                          = 3                                         {product} {ergonomic}
     uint ConcGCThreads                            = 1                                         {product} {ergonomic}
     uint G1ConcRefinementThreads                  = 4                                         {product} {ergonomic}
   size_t G1HeapRegionSize                         = 1048576                                   {product} {ergonomic}
    uintx GCDrainStackTargetSize                   = 64                                        {product} {ergonomic}
   size_t InitialHeapSize                          = 132120576                                 {product} {ergonomic}
   size_t MarkStackSize                            = 4194304                                   {product} {ergonomic}
   size_t MaxHeapSize                              = 2111832064                                {product} {ergonomic}
   size_t MaxNewSize                               = 1266679808                                {product} {ergonomic}
   size_t MinHeapDeltaBytes                        = 1048576                                   {product} {ergonomic}
   size_t MinHeapSize                              = 8388608                                   {product} {ergonomic}
    uintx NonNMethodCodeHeapSize                   = 5832780                                {pd product} {ergonomic}
    uintx NonProfiledCodeHeapSize                  = 122912730                              {pd product} {ergonomic}
    uintx ProfiledCodeHeapSize                     = 122912730                              {pd product} {ergonomic}
    uintx ReservedCodeCacheSize                    = 251658240                              {pd product} {ergonomic}
     bool SegmentedCodeCache                       = true                                      {product} {ergonomic}
     bool ShowCodeDetailsInExceptionMessages       = true                                   {manageable} {command line}
   size_t SoftMaxHeapSize                          = 2111832064                             {manageable} {ergonomic}
     bool UseCompressedClassPointers               = true                           {product lp64_product} {ergonomic}
     bool UseCompressedOops                        = true                           {product lp64_product} {ergonomic}
     bool UseG1GC                                  = true                                      {product} {ergonomic}
     bool UseLargePagesIndividualAllocation        = false                                  {pd product} {ergonomic}

Logging:
Log output configuration:
 #0: stdout all=warning uptime,level,tags
 #1: stderr all=off uptime,level,tags

Environment Variables:
PATH=C:/Users/thaagam/.p2/pool/plugins/org.eclipse.justj.openjdk.hotspot.jre.full.win32.x86_64_21.0.9.v20251105-0741/jre/bin/server;C:/Users/thaagam/.p2/pool/plugins/org.eclipse.justj.openjdk.hotspot.jre.full.win32.x86_64_21.0.9.v20251105-0741/jre/bin;C:\Program Files\Common Files\Oracle\Java\javapath;;C:\Windows\system32;C:\Windows;C:\Windows\System32\Wbem;C:\Windows\System32\WindowsPowerShell\v1.0\;C:\Windows\System32\OpenSSH\;C:\Program Files\Git\cmd;C:\Users\thaagam\AppData\Local\Programs\Python\Python313\Scripts\;C:\Users\thaagam\AppData\Local\Programs\Python\Python313\;C:\Users\thaagam\AppData\Local\Microsoft\WindowsApps;C:\Users\thaagam\AppData\Local\Programs\Microsoft VS Code\bin;C:\Users\thaagam\AppData\Local\GitHubDesktop\bin;C:\Program Files\Java\jdk-17;;C:\Windows\System32;
USERNAME=thaagam
OS=Windows_NT
PROCESSOR_IDENTIFIER=Intel64 Family 6 Model 142 Stepping 10, GenuineIntel



---------------  S Y S T E M  ---------------

OS:
 Windows 10 , 64 bit Build 19041 (10.0.19041.5915)
OS uptime: 1 days 6:50 hours

CPU: total 4 (initial active 4) (2 cores per cpu, 2 threads per core) family 6 model 142 stepping 10 microcode 0xb4, cx8, cmov, fxsr, ht, mmx, 3dnowpref, sse, sse2, sse3, ssse3, sse4.1, sse4.2, popcnt, lzcnt, tsc, tscinvbit, avx, avx2, aes, erms, clmul, bmi1, bmi2, adx, fma, vzeroupper, clflush, clflushopt

Memory: 4k page, system-wide physical 8048M (455M free)
TotalPageFile size 32624M (AvailPageFile size 5M)
current process WorkingSet (physical memory assigned to process): 122M, peak: 122M
current process commit charge ("private bytes"): 254M, peak: 255M

vm_info: Java HotSpot(TM) 64-Bit Server VM (17.0.17+8-LTS-360) for windows-amd64 JRE (17.0.17+8-LTS-360), built on Sep 27 2025 05:17:01 by "mach5run" with MS VC++ 17.6 (VS2022)

END.
